<?xml version="1.0" encoding="UTF-8"?><testsuite errors="0" failures="0" name="com.herokuapp.bookerbooker.restful.bookinginfo.BookingCURDTestWithSteps" skipped="0" tests="5" time="27.57" timestamp="2023-06-08T00:19:08.503+10:00[Australia/Sydney]"><testcase classname="com.herokuapp.bookerbooker.restful.bookinginfo.BookingCURDTestWithSteps" name="This method will create a Token"/><testcase classname="com.herokuapp.bookerbooker.restful.bookinginfo.BookingCURDTestWithSteps" name="This method will create and verify a booking"/><testcase classname="com.herokuapp.bookerbooker.restful.bookinginfo.BookingCURDTestWithSteps" name="This method will get booking with Id"/><testcase classname="com.herokuapp.bookerbooker.restful.bookinginfo.BookingCURDTestWithSteps" name="This method will updated a booking with ID"/><testcase classname="com.herokuapp.bookerbooker.restful.bookinginfo.BookingCURDTestWithSteps" name="This method will delete a booking with ID"/></testsuite>